<?xml version="1.0" encoding="UTF-8"?>
<!-- Generated by org.testng.reporters.JUnitReportReporter -->
<testsuite hostname="JagdambMobile" failures="0" tests="1" name="com.bookscart.azure.test.CartTest" time="141.693" errors="0" timestamp="2024-03-14T12:59:05 IST" skipped="0">
  <testcase classname="com.bookscart.azure.test.CartTest" name="validateCartDetailsUpdate" time="141.693"/>
</testsuite> <!-- com.bookscart.azure.test.CartTest -->
