<?xml version="1.0" encoding="UTF-8"?>
<!-- Generated by org.testng.reporters.JUnitReportReporter -->
<testsuite hostname="JagdambMobile" failures="0" tests="1" name="com.bookscart.azure.test.RegisterUserTest" time="21.770" errors="0" timestamp="2024-03-14T12:59:05 IST" skipped="0">
  <testcase classname="com.bookscart.azure.test.RegisterUserTest" name="registerUser" time="21.770"/>
</testsuite> <!-- com.bookscart.azure.test.RegisterUserTest -->
